=== Started 2022-05-07T00-28-04-755 ===
[INFO ][00:28:04] 418 bad words loaded
[WARN ][00:28:04] User account "Local Administrator" disabled
[WARN ][00:28:04] User account "Local Moderator" disabled
[WARN ][00:28:04] User account "Local User" disabled
[WARN ][00:28:04] Unknown user role: George
[INFO ][00:28:04] 1 user records loaded.
[INFO ][00:28:04] 1 IP ban records loaded.
[INFO ][00:28:04] [1m[32mMultiOgar-Edited 1.6.1[37m - An open source multi-protocol ogar server[0m
[INFO ][00:28:04] WebSocket: ws
[INFO ][00:28:04] Started stats server on port 88
[INFO ][00:28:04] Listening on port 443
[INFO ][00:28:04] Current game mode is Free For All
[NONE ][00:28:04]   __  __       _ _   _  ___                        _____    _ _ _           _    _   __    _ 
 |  \/  |_   _| | |_(_)/ _ \  __ _  __ _ _ __     | ____|__| (_) |_ ___  __| |  / | / /_  / |
 | |\/| | | | | | __| | | | |/ _` |/ _` | '__|____|  _| / _` | | __/ _ \/ _` |  | || '_ \ | |
 | |  | | |_| | | |_| | |_| | (_| | (_| | | |_____| |__| (_| | | ||  __/ (_| |  | || (_) || |
 |_|  |_|\__,_|_|\__|_|\___/ \__, |\__,_|_|       |_____\__,_|_|\__\___|\__,_|  |_(_)___(_)_|
                             |___/                                                           
[NONE ][00:28:06] CONNECTED 127.0.0.1:50533, origin: "http://127.0.0.1:5500"
[NONE ][00:33:17] DISCONNECTED 127.0.0.1:50533, code: 1001, reason: "", name: "TEST"
