=== Started 2019-04-16T14-02-43-916 ===
[INFO ][14:02:44] 418 bad words loaded
[WARN ][14:02:44] User account "Local Administrator" disabled
[WARN ][14:02:44] User account "Local Moderator" disabled
[WARN ][14:02:44] User account "Local User" disabled
[INFO ][14:02:44] 0 user records loaded.
[INFO ][14:02:44] 0 IP ban records loaded.
[INFO ][14:02:44] [1m[32mMultiOgar-Edited 1.6.1[37m - An open source multi-protocol ogar server[0m
[INFO ][14:02:44] WebSocket: ws
[INFO ][14:02:44] Started stats server on port 88
[INFO ][14:02:44] Listening on port 443
[INFO ][14:02:44] Current game mode is Free For All
[NONE ][14:02:44]   __  __       _ _   _  ___                        _____    _ _ _           _    _   __    _ 
 |  \/  |_   _| | |_(_)/ _ \  __ _  __ _ _ __     | ____|__| (_) |_ ___  __| |  / | / /_  / |
 | |\/| | | | | | __| | | | |/ _` |/ _` | '__|____|  _| / _` | | __/ _ \/ _` |  | || '_ \ | |
 | |  | | |_| | | |_| | |_| | (_| | (_| | | |_____| |__| (_| | | ||  __/ (_| |  | || (_) || |
 |_|  |_|\__,_|_|\__|_|\___/ \__, |\__,_|_|       |_____\__,_|_|\__\___|\__,_|  |_(_)___(_)_|
                             |___/                                                           
[NONE ][14:04:07] CONNECTED 127.0.0.1:58721, origin: "https://agar.io"
[NONE ][14:05:24] CONNECTED 127.0.0.1:58805, origin: "https://agar.io"
[NONE ][14:05:24] DISCONNECTED 127.0.0.1:58721, code: 1005, reason: "", name: ""
[NONE ][14:05:31] DISCONNECTED 127.0.0.1:58805, code: 1001, reason: "", name: ""
[NONE ][14:07:31] CONNECTED 127.0.0.1:59319, origin: "https://agar.io"
[NONE ][14:07:54] >playerlist
[NONE ][14:07:54] 
Current players: 1
[NONE ][14:07:54] Do "playerlist m" or "pl m" to list minions

[NONE ][14:07:54]  ID     | IP              | P | CELLS | SCORE  |   POSITION   | NICK            
[NONE ][14:07:54] ────────────────────────────────────────────────────────────────────────────────
[NONE ][14:07:54]       3 | 127.0.0.1       | 20 |     1 |     43 | -6103, -4839 | marcos +999    
[NONE ][14:08:02] >minion 3 20
[NONE ][14:08:02] Added 20 minions for marcos +999
[NONE ][14:08:20] >addbot 70
[NONE ][14:08:20] Added 70 player bots
